<?xml version="1.0" encoding="UTF-8"?>
<!-- Generated by org.testng.reporters.JUnitXMLReporter -->
<testsuite ignored="1" hostname="MAHESH-LENOVO-LAPTOP" failures="0" tests="2" name="Submit Order Test" time="21.013" errors="0" timestamp="2024-07-31T16:02:13 IST">
  <testcase classname="seleniumframeworkdesign.test.SubmitOrderTest" name="SubmitOrder" time="6.676"/>
  <testcase classname="seleniumframeworkdesign.test.SubmitOrderTest" name="SubmitOrder" time="6.244"/>
  <testcase classname="seleniumframeworkdesign.test.SubmitOrderTest" name="orderHistoryTest" time="0.0">
    <ignored/>
  </testcase> <!-- orderHistoryTest -->
</testsuite> <!-- Submit Order Test -->
