<?xml version="1.0" encoding="UTF-8"?>
<!-- Generated by org.testng.reporters.JUnitXMLReporter -->
<testsuite ignored="1" hostname="MAHESH-LENOVO-LAPTOP" failures="0" tests="1" name="Error Validation Test" time="4.425" errors="0" timestamp="2024-08-02T09:05:09 IST">
  <testcase classname="seleniumframeworkdesign.test.ErrorValidationTest" name="loginErrorValidation" time="0.686"/>
  <testcase classname="seleniumframeworkdesign.test.ErrorValidationTest" name="productErrorValidation" time="0.0">
    <ignored/>
  </testcase> <!-- productErrorValidation -->
</testsuite> <!-- Error Validation Test -->
