<?xml version="1.0" encoding="UTF-8"?>
<testng-results ignored="0" total="1" passed="1" failed="0" skipped="0">
  <reporter-output>
  </reporter-output>
  <suite started-at="2024-08-02T09:05:04 IST" name="Suite" finished-at="2024-08-02T09:05:09 IST" duration-ms="4814">
    <groups>
      <group name="ErrorHandling">
        <method signature="ErrorValidationTest.loginErrorValidation()[pri:0, instance:seleniumframeworkdesign.test.ErrorValidationTest@503f91c3]" name="loginErrorValidation" class="seleniumframeworkdesign.test.ErrorValidationTest"/>
      </group> <!-- ErrorHandling -->
    </groups>
    <test started-at="2024-08-02T09:05:04 IST" name="Submit Order Test" finished-at="2024-08-02T09:05:04 IST" duration-ms="14">
    </test> <!-- Submit Order Test -->
    <test started-at="2024-08-02T09:05:04 IST" name="Error Validation Test" finished-at="2024-08-02T09:05:09 IST" duration-ms="4425">
      <class name="seleniumframeworkdesign.test.ErrorValidationTest">
        <test-method is-config="true" signature="launchApplication()[pri:0, instance:seleniumframeworkdesign.test.ErrorValidationTest@503f91c3]" started-at="2024-08-02T09:05:04 IST" name="launchApplication" finished-at="2024-08-02T09:05:08 IST" duration-ms="3508" status="PASS">
          <reporter-output>
          </reporter-output>
        </test-method> <!-- launchApplication -->
        <test-method signature="loginErrorValidation()[pri:0, instance:seleniumframeworkdesign.test.ErrorValidationTest@503f91c3]" started-at="2024-08-02T09:05:08 IST" name="loginErrorValidation" finished-at="2024-08-02T09:05:08 IST" duration-ms="686" status="PASS">
          <reporter-output>
          </reporter-output>
        </test-method> <!-- loginErrorValidation -->
        <test-method is-config="true" signature="closeApplication()[pri:0, instance:seleniumframeworkdesign.test.ErrorValidationTest@503f91c3]" started-at="2024-08-02T09:05:08 IST" name="closeApplication" finished-at="2024-08-02T09:05:09 IST" duration-ms="188" status="PASS">
          <reporter-output>
          </reporter-output>
        </test-method> <!-- closeApplication -->
      </class> <!-- seleniumframeworkdesign.test.ErrorValidationTest -->
    </test> <!-- Error Validation Test -->
  </suite> <!-- Suite -->
</testng-results>
